2022-06-29 20:09:58,258 INFO [main] INFO  c.e.d.ProductManageSiteServiceForHandsOnApplication - Starting ProductManageSiteServiceForHandsOnApplication on mba.local with PID 71419 (/Users/gallardo316/angular-udemy/api/ProductManageService-1.0.0.war started by gallardo316 in /Users/gallardo316/angular-udemy/api)
2022-06-29 20:09:58,264 INFO [main] INFO  c.e.d.ProductManageSiteServiceForHandsOnApplication - No active profile set, falling back to default profiles: default
2022-06-29 20:10:02,071 INFO [main] INFO  o.s.b.w.e.tomcat.TomcatWebServer - Tomcat initialized with port(s): 8080 (http)
2022-06-29 20:10:02,090 INFO [main] INFO  o.a.catalina.core.StandardService - Starting service [Tomcat]
2022-06-29 20:10:02,090 INFO [main] INFO  o.a.catalina.core.StandardEngine - Starting Servlet engine: [Apache Tomcat/9.0.41]
2022-06-29 20:10:03,449 INFO [main] INFO  o.a.c.c.C.[Tomcat].[localhost].[/] - Initializing Spring embedded WebApplicationContext
2022-06-29 20:10:03,449 INFO [main] INFO  o.s.b.w.s.c.ServletWebServerApplicationContext - Root WebApplicationContext: initialization completed in 4962 ms
2022-06-29 20:10:05,533 INFO [main] INFO  o.s.s.w.DefaultSecurityFilterChain - Creating filter chain: Ant [pattern='/*'], []
2022-06-29 20:10:05,533 INFO [main] INFO  o.s.s.w.DefaultSecurityFilterChain - Creating filter chain: Ant [pattern='/assets/i18n/*'], []
2022-06-29 20:10:05,639 INFO [main] INFO  o.s.s.w.DefaultSecurityFilterChain - Creating filter chain: any request, [org.springframework.security.web.context.request.async.WebAsyncManagerIntegrationFilter@5486887b, org.springframework.security.web.context.SecurityContextPersistenceFilter@5d39f2d8, org.springframework.security.web.header.HeaderWriterFilter@1b32cd16, org.springframework.security.web.csrf.CsrfFilter@5b3f3ba0, org.springframework.security.web.authentication.logout.LogoutFilter@7fedfe27, org.springframework.security.web.authentication.www.BasicAuthenticationFilter@6bcbf05b, org.springframework.security.web.savedrequest.RequestCacheAwareFilter@55ea2d70, org.springframework.security.web.servletapi.SecurityContextHolderAwareRequestFilter@4e868ef5, org.springframework.security.web.authentication.AnonymousAuthenticationFilter@5226e402, org.springframework.security.web.session.SessionManagementFilter@69cac930, org.springframework.security.web.access.ExceptionTranslationFilter@4a1c0752, org.springframework.security.web.access.intercept.FilterSecurityInterceptor@1e6308a9]
2022-06-29 20:10:05,716 INFO [main] INFO  s.d.s.w.PropertySourcedRequestMappingHandlerMapping - Mapped URL path [/v2/api-docs] onto method [springfox.documentation.swagger2.web.Swagger2Controller#getDocumentation(String, HttpServletRequest)]
2022-06-29 20:10:06,297 INFO [main] INFO  o.s.s.c.ThreadPoolTaskExecutor - Initializing ExecutorService 'applicationTaskExecutor'
2022-06-29 20:10:06,844 INFO [main] INFO  o.f.c.i.license.VersionPrinter - Flyway Community Edition 6.0.8 by Redgate
2022-06-29 20:10:06,888 INFO [main] INFO  com.zaxxer.hikari.HikariDataSource - HikariPool-1 - Starting...
2022-06-29 20:10:07,433 INFO [main] INFO  com.zaxxer.hikari.HikariDataSource - HikariPool-1 - Start completed.
2022-06-29 20:10:07,484 INFO [main] INFO  o.f.c.i.database.DatabaseFactory - Database: jdbc:h2:file:./h2db/sampledb (H2 1.4)
2022-06-29 20:10:07,556 WARN [main] WARN  o.f.c.i.database.base.Database - Flyway upgrade recommended: H2 1.4.200 is newer than this version of Flyway and support has not been tested. The latest supported version of H2 is 1.4.199.
2022-06-29 20:10:07,656 INFO [main] INFO  o.f.c.internal.command.DbValidate - Successfully validated 3 migrations (execution time 00:00.066s)
2022-06-29 20:10:07,711 INFO [main] INFO  o.f.c.i.s.JdbcTableSchemaHistory - Creating Schema History table "PUBLIC"."flyway_schema_history" ...
2022-06-29 20:10:07,860 INFO [main] INFO  o.f.core.internal.command.DbMigrate - Current version of schema "PUBLIC": << Empty Schema >>
2022-06-29 20:10:07,874 INFO [main] INFO  o.f.core.internal.command.DbMigrate - Migrating schema "PUBLIC" to version 1 - create schema for spring session
2022-06-29 20:10:07,981 INFO [main] INFO  o.f.core.internal.command.DbMigrate - Migrating schema "PUBLIC" to version 2 - create schema for domain
2022-06-29 20:10:08,146 INFO [main] INFO  o.f.core.internal.command.DbMigrate - Migrating schema "PUBLIC" to version 3 - import-initial-data
2022-06-29 20:10:08,242 INFO [main] INFO  o.f.core.internal.command.DbMigrate - Successfully applied 3 migrations to schema "PUBLIC" (execution time 00:00.403s)
2022-06-29 20:10:08,473 INFO [main] INFO  s.d.s.w.p.DocumentationPluginsBootstrapper - Context refreshed
2022-06-29 20:10:08,579 INFO [main] INFO  s.d.s.w.p.DocumentationPluginsBootstrapper - Found 1 custom documentation plugin(s)
2022-06-29 20:10:08,651 INFO [main] INFO  s.d.s.w.s.ApiListingReferenceScanner - Scanning for api listing references
2022-06-29 20:10:09,512 INFO [main] INFO  o.s.b.w.e.tomcat.TomcatWebServer - Tomcat started on port(s): 8080 (http) with context path ''
2022-06-29 20:10:09,521 INFO [main] INFO  c.e.d.ProductManageSiteServiceForHandsOnApplication - Started ProductManageSiteServiceForHandsOnApplication in 12.699 seconds (JVM running for 13.959)
2022-06-29 20:10:29,698 INFO [SpringContextShutdownHook] INFO  o.s.s.c.ThreadPoolTaskExecutor - Shutting down ExecutorService 'applicationTaskExecutor'
2022-06-29 20:10:29,706 INFO [SpringContextShutdownHook] INFO  com.zaxxer.hikari.HikariDataSource - HikariPool-1 - Shutdown initiated...
2022-06-29 20:10:29,718 INFO [SpringContextShutdownHook] INFO  com.zaxxer.hikari.HikariDataSource - HikariPool-1 - Shutdown completed.
2022-06-29 20:11:53,578 INFO [main] INFO  c.e.d.ProductManageSiteServiceForHandsOnApplication - Starting ProductManageSiteServiceForHandsOnApplication on mba.local with PID 71846 (/Users/gallardo316/angular-udemy/api/ProductManageService-1.0.0.war started by gallardo316 in /Users/gallardo316/angular-udemy/api)
2022-06-29 20:11:53,583 INFO [main] INFO  c.e.d.ProductManageSiteServiceForHandsOnApplication - No active profile set, falling back to default profiles: default
2022-06-29 20:11:56,641 INFO [main] INFO  o.s.b.w.e.tomcat.TomcatWebServer - Tomcat initialized with port(s): 8080 (http)
2022-06-29 20:11:56,661 INFO [main] INFO  o.a.catalina.core.StandardService - Starting service [Tomcat]
2022-06-29 20:11:56,662 INFO [main] INFO  o.a.catalina.core.StandardEngine - Starting Servlet engine: [Apache Tomcat/9.0.41]
2022-06-29 20:11:58,027 INFO [main] INFO  o.a.c.c.C.[Tomcat].[localhost].[/] - Initializing Spring embedded WebApplicationContext
2022-06-29 20:11:58,027 INFO [main] INFO  o.s.b.w.s.c.ServletWebServerApplicationContext - Root WebApplicationContext: initialization completed in 4314 ms
2022-06-29 20:12:00,347 INFO [main] INFO  o.s.s.w.DefaultSecurityFilterChain - Creating filter chain: Ant [pattern='/*'], []
2022-06-29 20:12:00,348 INFO [main] INFO  o.s.s.w.DefaultSecurityFilterChain - Creating filter chain: Ant [pattern='/assets/i18n/*'], []
2022-06-29 20:12:00,412 INFO [main] INFO  o.s.s.w.DefaultSecurityFilterChain - Creating filter chain: any request, [org.springframework.security.web.context.request.async.WebAsyncManagerIntegrationFilter@5486887b, org.springframework.security.web.context.SecurityContextPersistenceFilter@5d39f2d8, org.springframework.security.web.header.HeaderWriterFilter@1b32cd16, org.springframework.security.web.csrf.CsrfFilter@4482469c, org.springframework.security.web.authentication.logout.LogoutFilter@7fedfe27, org.springframework.security.web.authentication.www.BasicAuthenticationFilter@6bcbf05b, org.springframework.security.web.savedrequest.RequestCacheAwareFilter@55ea2d70, org.springframework.security.web.servletapi.SecurityContextHolderAwareRequestFilter@4e868ef5, org.springframework.security.web.authentication.AnonymousAuthenticationFilter@5226e402, org.springframework.security.web.session.SessionManagementFilter@69cac930, org.springframework.security.web.access.ExceptionTranslationFilter@4a1c0752, org.springframework.security.web.access.intercept.FilterSecurityInterceptor@1e6308a9]
2022-06-29 20:12:00,462 INFO [main] INFO  s.d.s.w.PropertySourcedRequestMappingHandlerMapping - Mapped URL path [/v2/api-docs] onto method [springfox.documentation.swagger2.web.Swagger2Controller#getDocumentation(String, HttpServletRequest)]
2022-06-29 20:12:00,779 INFO [main] INFO  o.s.s.c.ThreadPoolTaskExecutor - Initializing ExecutorService 'applicationTaskExecutor'
2022-06-29 20:12:01,415 INFO [main] INFO  o.f.c.i.license.VersionPrinter - Flyway Community Edition 6.0.8 by Redgate
2022-06-29 20:12:01,433 INFO [main] INFO  com.zaxxer.hikari.HikariDataSource - HikariPool-1 - Starting...
2022-06-29 20:12:02,099 INFO [main] INFO  com.zaxxer.hikari.HikariDataSource - HikariPool-1 - Start completed.
2022-06-29 20:12:02,154 INFO [main] INFO  o.f.c.i.database.DatabaseFactory - Database: jdbc:h2:file:./h2db/sampledb (H2 1.4)
2022-06-29 20:12:02,216 WARN [main] WARN  o.f.c.i.database.base.Database - Flyway upgrade recommended: H2 1.4.200 is newer than this version of Flyway and support has not been tested. The latest supported version of H2 is 1.4.199.
2022-06-29 20:12:02,314 INFO [main] INFO  o.f.c.internal.command.DbValidate - Successfully validated 3 migrations (execution time 00:00.064s)
2022-06-29 20:12:02,347 INFO [main] INFO  o.f.core.internal.command.DbMigrate - Current version of schema "PUBLIC": 3
2022-06-29 20:12:02,349 INFO [main] INFO  o.f.core.internal.command.DbMigrate - Schema "PUBLIC" is up to date. No migration necessary.
2022-06-29 20:12:02,554 INFO [main] INFO  s.d.s.w.p.DocumentationPluginsBootstrapper - Context refreshed
2022-06-29 20:12:02,596 INFO [main] INFO  s.d.s.w.p.DocumentationPluginsBootstrapper - Found 1 custom documentation plugin(s)
2022-06-29 20:12:02,652 INFO [main] INFO  s.d.s.w.s.ApiListingReferenceScanner - Scanning for api listing references
2022-06-29 20:12:03,061 INFO [main] INFO  o.s.b.w.e.tomcat.TomcatWebServer - Tomcat started on port(s): 8080 (http) with context path ''
2022-06-29 20:12:03,083 INFO [main] INFO  c.e.d.ProductManageSiteServiceForHandsOnApplication - Started ProductManageSiteServiceForHandsOnApplication in 10.442 seconds (JVM running for 11.178)
2022-06-29 20:12:28,451 INFO [SpringContextShutdownHook] INFO  o.s.s.c.ThreadPoolTaskExecutor - Shutting down ExecutorService 'applicationTaskExecutor'
2022-06-29 20:12:28,462 INFO [SpringContextShutdownHook] INFO  com.zaxxer.hikari.HikariDataSource - HikariPool-1 - Shutdown initiated...
2022-06-29 20:12:28,468 INFO [SpringContextShutdownHook] INFO  com.zaxxer.hikari.HikariDataSource - HikariPool-1 - Shutdown completed.
