2022-07-24 19:13:13,493 INFO [main] INFO  c.e.d.ProductManageSiteServiceForHandsOnApplication - Starting ProductManageSiteServiceForHandsOnApplication on mba.local with PID 65079 (/Users/gallardo316/angular-udemy/api/ProductManageService-1.0.0.war started by gallardo316 in /Users/gallardo316/angular-udemy/api)
2022-07-24 19:13:13,501 INFO [main] INFO  c.e.d.ProductManageSiteServiceForHandsOnApplication - No active profile set, falling back to default profiles: default
2022-07-24 19:13:16,475 INFO [main] INFO  o.s.b.w.e.tomcat.TomcatWebServer - Tomcat initialized with port(s): 8080 (http)
2022-07-24 19:13:16,503 INFO [main] INFO  o.a.catalina.core.StandardService - Starting service [Tomcat]
2022-07-24 19:13:16,503 INFO [main] INFO  o.a.catalina.core.StandardEngine - Starting Servlet engine: [Apache Tomcat/9.0.41]
2022-07-24 19:13:17,636 INFO [main] INFO  o.a.c.c.C.[Tomcat].[localhost].[/] - Initializing Spring embedded WebApplicationContext
2022-07-24 19:13:17,636 INFO [main] INFO  o.s.b.w.s.c.ServletWebServerApplicationContext - Root WebApplicationContext: initialization completed in 4009 ms
2022-07-24 19:13:19,014 INFO [main] INFO  o.s.s.w.DefaultSecurityFilterChain - Creating filter chain: Ant [pattern='/*'], []
2022-07-24 19:13:19,014 INFO [main] INFO  o.s.s.w.DefaultSecurityFilterChain - Creating filter chain: Ant [pattern='/assets/i18n/*'], []
2022-07-24 19:13:19,073 INFO [main] INFO  o.s.s.w.DefaultSecurityFilterChain - Creating filter chain: any request, [org.springframework.security.web.context.request.async.WebAsyncManagerIntegrationFilter@3a095ec0, org.springframework.security.web.context.SecurityContextPersistenceFilter@278f8425, org.springframework.security.web.header.HeaderWriterFilter@baf1bb3, org.springframework.security.web.csrf.CsrfFilter@4b1c0397, org.springframework.security.web.authentication.logout.LogoutFilter@19593091, org.springframework.security.web.authentication.www.BasicAuthenticationFilter@4a03bb68, org.springframework.security.web.savedrequest.RequestCacheAwareFilter@4b1abd11, org.springframework.security.web.servletapi.SecurityContextHolderAwareRequestFilter@40021799, org.springframework.security.web.authentication.AnonymousAuthenticationFilter@4f20a5e0, org.springframework.security.web.session.SessionManagementFilter@5b3f3ba0, org.springframework.security.web.access.ExceptionTranslationFilter@588ffeb, org.springframework.security.web.access.intercept.FilterSecurityInterceptor@201aa8c1]
2022-07-24 19:13:19,102 INFO [main] INFO  s.d.s.w.PropertySourcedRequestMappingHandlerMapping - Mapped URL path [/v2/api-docs] onto method [springfox.documentation.swagger2.web.Swagger2Controller#getDocumentation(String, HttpServletRequest)]
2022-07-24 19:13:19,271 INFO [main] INFO  o.s.s.c.ThreadPoolTaskExecutor - Initializing ExecutorService 'applicationTaskExecutor'
2022-07-24 19:13:19,552 INFO [main] INFO  o.f.c.i.license.VersionPrinter - Flyway Community Edition 6.0.8 by Redgate
2022-07-24 19:13:19,561 INFO [main] INFO  com.zaxxer.hikari.HikariDataSource - HikariPool-1 - Starting...
2022-07-24 19:13:19,895 INFO [main] INFO  com.zaxxer.hikari.HikariDataSource - HikariPool-1 - Start completed.
2022-07-24 19:13:19,913 INFO [main] INFO  o.f.c.i.database.DatabaseFactory - Database: jdbc:h2:file:./h2db/sampledb (H2 1.4)
2022-07-24 19:13:19,948 WARN [main] WARN  o.f.c.i.database.base.Database - Flyway upgrade recommended: H2 1.4.200 is newer than this version of Flyway and support has not been tested. The latest supported version of H2 is 1.4.199.
2022-07-24 19:13:20,012 INFO [main] INFO  o.f.c.internal.command.DbValidate - Successfully validated 3 migrations (execution time 00:00.052s)
2022-07-24 19:13:20,044 INFO [main] INFO  o.f.core.internal.command.DbMigrate - Current version of schema "PUBLIC": 3
2022-07-24 19:13:20,046 INFO [main] INFO  o.f.core.internal.command.DbMigrate - Schema "PUBLIC" is up to date. No migration necessary.
2022-07-24 19:13:20,178 INFO [main] INFO  s.d.s.w.p.DocumentationPluginsBootstrapper - Context refreshed
2022-07-24 19:13:20,210 INFO [main] INFO  s.d.s.w.p.DocumentationPluginsBootstrapper - Found 1 custom documentation plugin(s)
2022-07-24 19:13:20,261 INFO [main] INFO  s.d.s.w.s.ApiListingReferenceScanner - Scanning for api listing references
2022-07-24 19:13:20,604 INFO [main] INFO  o.s.b.w.e.tomcat.TomcatWebServer - Tomcat started on port(s): 8080 (http) with context path ''
2022-07-24 19:13:20,610 INFO [main] INFO  c.e.d.ProductManageSiteServiceForHandsOnApplication - Started ProductManageSiteServiceForHandsOnApplication in 8.307 seconds (JVM running for 9.577)
2022-07-24 19:22:13,015 INFO [http-nio-8080-exec-2] INFO  o.a.c.c.C.[Tomcat].[localhost].[/] - Initializing Spring DispatcherServlet 'dispatcherServlet'
2022-07-24 19:22:13,021 INFO [http-nio-8080-exec-2] INFO  o.s.web.servlet.DispatcherServlet - Initializing Servlet 'dispatcherServlet'
2022-07-24 19:22:13,130 INFO [http-nio-8080-exec-2] INFO  o.s.web.servlet.DispatcherServlet - Completed initialization in 109 ms
2022-07-24 20:10:36,439 WARN [HikariPool-1 housekeeper] WARN  com.zaxxer.hikari.pool.HikariPool - HikariPool-1 - Thread starvation or clock leap detected (housekeeper delta=5m15s999ms).
2022-07-24 20:12:23,284 WARN [HikariPool-1 housekeeper] WARN  com.zaxxer.hikari.pool.HikariPool - HikariPool-1 - Thread starvation or clock leap detected (housekeeper delta=1m46s861ms).
2022-07-24 21:37:10,433 WARN [HikariPool-1 housekeeper] WARN  com.zaxxer.hikari.pool.HikariPool - HikariPool-1 - Thread starvation or clock leap detected (housekeeper delta=1h23m47s128ms).
2022-07-24 21:39:19,700 WARN [HikariPool-1 housekeeper] WARN  com.zaxxer.hikari.pool.HikariPool - HikariPool-1 - Thread starvation or clock leap detected (housekeeper delta=2m9s249ms).
